5/17/2016 11:56:03 PM	This log contains information about the import schema operation into project 'umbraco-db' on computer 'DESKTOP-I8KJST1' by user 'ianreilcanto'.
5/17/2016 11:56:03 PM	Import of database schema has started.
5/17/2016 11:56:09 PM	Gathering database options
5/17/2016 11:56:09 PM	Gathering users
5/17/2016 11:56:09 PM	Gathering roles
5/17/2016 11:56:10 PM	Gathering application roles
5/17/2016 11:56:10 PM	Gathering role memberships
5/17/2016 11:56:10 PM	Gathering filegroups
5/17/2016 11:56:10 PM	Gathering full-text catalogs
5/17/2016 11:56:10 PM	Gathering assemblies
5/17/2016 11:56:10 PM	Gathering certificates
5/17/2016 11:56:10 PM	Gathering asymmetric keys
5/17/2016 11:56:10 PM	Gathering symmetric keys
5/17/2016 11:56:10 PM	Gathering encrypted symmetric keys
5/17/2016 11:56:10 PM	Gathering schemas
5/17/2016 11:56:13 PM	Gathering XML schema collections
5/17/2016 11:56:13 PM	Gathering user-defined data types
5/17/2016 11:56:13 PM	Gathering user-defined types
5/17/2016 11:56:13 PM	Gathering table types
5/17/2016 11:56:13 PM	Gathering unique keys for table types
5/17/2016 11:56:13 PM	Gathering primary keys for table types
5/17/2016 11:56:13 PM	Gathering indexes for table types
5/17/2016 11:56:13 PM	Gathering check constraints for table types
5/17/2016 11:56:13 PM	Gathering default constraints for table types
5/17/2016 11:56:13 PM	Gathering partition functions
5/17/2016 11:56:13 PM	Gathering partition schemes
5/17/2016 11:56:13 PM	Gathering functions
5/17/2016 11:56:13 PM	Gathering encrypted functions
5/17/2016 11:56:13 PM	Gathering aggregates
5/17/2016 11:56:13 PM	Gathering procedures
5/17/2016 11:56:13 PM	Gathering encrypted procedures
5/17/2016 11:56:13 PM	Gathering tables
5/17/2016 11:56:13 PM	Gathering primary keys
5/17/2016 11:56:13 PM	Gathering unique constraints
5/17/2016 11:56:13 PM	Gathering foreign keys
5/17/2016 11:56:13 PM	Gathering default constraints
5/17/2016 11:56:13 PM	Gathering check constraints
5/17/2016 11:56:13 PM	Gathering views
5/17/2016 11:56:13 PM	Gathering encrypted views
5/17/2016 11:56:13 PM	Gathering indexes
5/17/2016 11:56:13 PM	Gathering statistics
5/17/2016 11:56:13 PM	Gathering full-text index stoplists
5/17/2016 11:56:13 PM	Gathering search property lists
5/17/2016 11:56:13 PM	Gathering search properties
5/17/2016 11:56:13 PM	Gathering full-text indexes
5/17/2016 11:56:13 PM	Gathering column store indexes
5/17/2016 11:56:13 PM	Gathering spatial indexes
5/17/2016 11:56:13 PM	Gathering XML indexes
5/17/2016 11:56:13 PM	Gathering Selective XML indexes
5/17/2016 11:56:13 PM	Gathering encrypted triggers
5/17/2016 11:56:13 PM	Gathering triggers
5/17/2016 11:56:13 PM	Gathering encrypted and clr ddl triggers
5/17/2016 11:56:13 PM	Gathering ddl triggers
5/17/2016 11:56:13 PM	Gathering synonyms
5/17/2016 11:56:13 PM	Gathering defaults
5/17/2016 11:56:13 PM	Gathering data constraint uddt bindings
5/17/2016 11:56:13 PM	Gathering rules
5/17/2016 11:56:13 PM	Gathering data constraint uddt bindings
5/17/2016 11:56:13 PM	Gathering message types
5/17/2016 11:56:13 PM	Gathering queues
5/17/2016 11:56:13 PM	Gathering contracts
5/17/2016 11:56:13 PM	Gathering services
5/17/2016 11:56:13 PM	Gathering event notifications
5/17/2016 11:56:13 PM	Gathering remote service bindings
5/17/2016 11:56:13 PM	Gathering broker priorities
5/17/2016 11:56:13 PM	Gathering signatures
5/17/2016 11:56:13 PM	Gathering data compression options
5/17/2016 11:56:13 PM	Gathering sequence types
5/17/2016 11:56:13 PM	Gathering extended properties
5/17/2016 11:56:13 PM	Gathering credentials
5/17/2016 11:56:13 PM	Gathering logins
5/17/2016 11:56:13 PM	Gathering server audits
5/17/2016 11:56:13 PM	Scanning project for duplicate elements
5/17/2016 11:56:13 PM	Finished duplicate element processing
5/17/2016 11:56:14 PM	Finished importing database.
5/17/2016 11:56:14 PM	A summary of the import was saved to the following location: D:\Projects\UmbracoTest\umbraco-db\Import Schema Logs\umbraco-db_20160517035603.log
5/17/2016 11:56:14 PM	Click Finish to continue...
